<?xml version="1.0" encoding="UTF-8"?>
<!-- Generated by org.testng.reporters.JUnitReportReporter -->
<testsuite skipped="0" hostname="MWMGT189" name="com.gigflex.qa.testcases.LoginPageTest" tests="2" failures="0" timestamp="03 Dec 2018 09:18:37 GMT" time="17.560" errors="0">
  <testcase name="validateGigFlexLogo" time="9.783" classname="com.gigflex.qa.testcases.LoginPageTest"/>
  <testcase name="validateGigFlexPageTitle" time="7.777" classname="com.gigflex.qa.testcases.LoginPageTest"/>
</testsuite> <!-- com.gigflex.qa.testcases.LoginPageTest -->
